============================================================
Time  2022/05/01 16:48:19 468 
============================================================
[2022/05/01 16:48:19 468] isr        1659 isr loaded!  
[2022/05/01 16:48:19 469] isr        1642 SYS_MSG_REGCB param0 =   msp_status_cb  param1 =   func(38132090) 
[2022/05/01 16:48:19 469] isr        1537 ASR_MSG_SSB  
[2022/05/01 16:48:19 469] isr        1066 session_begin() [in], params:   engine_type = local, 		asr_res_path = fo|res/asr/common.jet, sample_rate = 16000, 		grm_build_path = res/asr/GrmBuilld, local_grammar = call, 		result_type = xml, result_encoding = UTF-8,   nil  
[2022/05/01 16:48:19 469] isr        927  vad_set [in]  
[2022/05/01 16:48:19 469] isr        962  vad_enable :  true  
[2022/05/01 16:48:19 469] isr        980  vad_bos :  10000  
[2022/05/01 16:48:19 469] isr        981  vad_eos :  2000  
[2022/05/01 16:48:19 469] isr        886  enable_vad [in]  
[2022/05/01 16:48:19 469] isr        918  vad enabled!  2000  10000  
[2022/05/01 16:48:19 469] isr        921  enable_vad [out]  
[2022/05/01 16:48:19 469] isr        987  vad_set [out] | ret =  0  
[2022/05/01 16:48:19 469] isr        1182 cur_engine_type =   local  
[2022/05/01 16:48:19 469] isr        992  local_session_begin  
[2022/05/01 16:48:19 691] isr        1547 ASR_MSG_AUW,   local  
[2022/05/01 16:48:19 691] isr        1559 3200  1  
[2022/05/01 16:48:19 692] isr        1569 once_bytes:   3200  
[2022/05/01 16:48:19 693] isr        851  [aud] speech start  
[2022/05/01 16:48:19 693] isr        798  1  msc  
[2022/05/01 16:48:19 823] isr        1547 ASR_MSG_AUW,   local  
[2022/05/01 16:48:19 823] isr        1559 3200  2  
[2022/05/01 16:48:19 934] isr        1547 ASR_MSG_AUW,   local  
[2022/05/01 16:48:19 934] isr        1559 3200  2  
[2022/05/01 16:48:20 045] isr        1547 ASR_MSG_AUW,   local  
[2022/05/01 16:48:20 045] isr        1559 3200  2  
[2022/05/01 16:48:20 045] isr        1547 ASR_MSG_AUW,   local  
[2022/05/01 16:48:20 045] isr        1559 3200  2  
[2022/05/01 16:48:20 155] isr        1547 ASR_MSG_AUW,   local  
[2022/05/01 16:48:20 155] isr        1559 3200  2  
[2022/05/01 16:48:20 289] isr        1547 ASR_MSG_AUW,   local  
[2022/05/01 16:48:20 289] isr        1559 3200  2  
[2022/05/01 16:48:20 399] isr        1547 ASR_MSG_AUW,   local  
[2022/05/01 16:48:20 399] isr        1559 3200  2  
[2022/05/01 16:48:20 510] isr        1547 ASR_MSG_AUW,   local  
[2022/05/01 16:48:20 510] isr        1559 3200  2  
[2022/05/01 16:48:20 621] isr        1547 ASR_MSG_AUW,   local  
[2022/05/01 16:48:20 621] isr        1559 3200  2  
[2022/05/01 16:48:20 731] isr        1547 ASR_MSG_AUW,   local  
[2022/05/01 16:48:20 732] isr        1559 3200  2  
[2022/05/01 16:48:20 842] isr        1547 ASR_MSG_AUW,   local  
[2022/05/01 16:48:20 842] isr        1559 3200  2  
[2022/05/01 16:48:20 843] isr        1547 ASR_MSG_AUW,   local  
[2022/05/01 16:48:20 843] isr        1559 3200  2  
[2022/05/01 16:48:20 953] isr        1547 ASR_MSG_AUW,   local  
[2022/05/01 16:48:20 953] isr        1559 3200  2  
[2022/05/01 16:48:21 087] isr        1547 ASR_MSG_AUW,   local  
[2022/05/01 16:48:21 087] isr        1559 3200  2  
[2022/05/01 16:48:21 198] isr        1547 ASR_MSG_AUW,   local  
[2022/05/01 16:48:21 198] isr        1559 3200  2  
[2022/05/01 16:48:21 308] isr        1547 ASR_MSG_AUW,   local  
[2022/05/01 16:48:21 308] isr        1559 3200  2  
[2022/05/01 16:48:21 419] isr        1547 ASR_MSG_AUW,   local  
[2022/05/01 16:48:21 419] isr        1559 3200  2  
[2022/05/01 16:48:21 529] isr        1547 ASR_MSG_AUW,   local  
[2022/05/01 16:48:21 530] isr        1559 3200  2  
[2022/05/01 16:48:21 531] isr        723  local_cbmsg_handler  ,msg=  404  param1=  nil  
[2022/05/01 16:48:21 640] isr        1547 ASR_MSG_AUW,   local  
[2022/05/01 16:48:21 640] isr        1559 3200  2  
[2022/05/01 16:48:21 641] isr        1547 ASR_MSG_AUW,   local  
[2022/05/01 16:48:21 641] isr        1559 3200  2  
[2022/05/01 16:48:21 774] isr        1547 ASR_MSG_AUW,   local  
[2022/05/01 16:48:21 774] isr        1559 3200  2  
[2022/05/01 16:48:21 885] isr        1547 ASR_MSG_AUW,   local  
[2022/05/01 16:48:21 885] isr        1559 3200  2  
[2022/05/01 16:48:21 995] isr        1547 ASR_MSG_AUW,   local  
[2022/05/01 16:48:21 995] isr        1559 3200  2  
[2022/05/01 16:48:22 106] isr        1547 ASR_MSG_AUW,   local  
[2022/05/01 16:48:22 106] isr        1559 3200  2  
[2022/05/01 16:48:22 240] isr        1547 ASR_MSG_AUW,   local  
[2022/05/01 16:48:22 240] isr        1559 3200  2  
[2022/05/01 16:48:22 351] isr        1547 ASR_MSG_AUW,   local  
[2022/05/01 16:48:22 351] isr        1559 3200  2  
[2022/05/01 16:48:22 351] isr        1547 ASR_MSG_AUW,   local  
[2022/05/01 16:48:22 351] isr        1559 3200  2  
[2022/05/01 16:48:22 461] isr        1547 ASR_MSG_AUW,   local  
[2022/05/01 16:48:22 461] isr        1559 3200  2  
[2022/05/01 16:48:22 572] isr        1547 ASR_MSG_AUW,   local  
[2022/05/01 16:48:22 572] isr        1559 3200  2  
[2022/05/01 16:48:22 682] isr        1547 ASR_MSG_AUW,   local  
[2022/05/01 16:48:22 682] isr        1559 3200  2  
[2022/05/01 16:48:22 793] isr        1547 ASR_MSG_AUW,   local  
[2022/05/01 16:48:22 793] isr        1559 3200  2  
[2022/05/01 16:48:22 927] isr        1547 ASR_MSG_AUW,   local  
[2022/05/01 16:48:22 927] isr        1559 3200  2  
[2022/05/01 16:48:23 037] isr        1547 ASR_MSG_AUW,   local  
[2022/05/01 16:48:23 037] isr        1559 3200  2  
[2022/05/01 16:48:23 148] isr        1547 ASR_MSG_AUW,   local  
[2022/05/01 16:48:23 148] isr        1559 3200  2  
[2022/05/01 16:48:23 148] isr        1547 ASR_MSG_AUW,   local  
[2022/05/01 16:48:23 148] isr        1559 3200  2  
[2022/05/01 16:48:23 259] isr        1547 ASR_MSG_AUW,   local  
[2022/05/01 16:48:23 259] isr        1559 3200  2  
[2022/05/01 16:48:23 370] isr        1547 ASR_MSG_AUW,   local  
[2022/05/01 16:48:23 370] isr        1559 3200  2  
[2022/05/01 16:48:23 480] isr        1547 ASR_MSG_AUW,   local  
[2022/05/01 16:48:23 480] isr        1559 3200  2  
[2022/05/01 16:48:23 482] isr        723  local_cbmsg_handler  ,msg=  405  param1=  nil  
[2022/05/01 16:48:23 482] isr        729  local speech end  
[2022/05/01 16:48:23 482] isr        798  3  local  
[2022/05/01 16:48:23 482] isr        723  local_cbmsg_handler  ,msg=  406  param1=  nil  
[2022/05/01 16:48:23 494] isr        723  local_cbmsg_handler  ,msg=  407  param1=  nil  
[2022/05/01 16:48:23 494] isr        641  process_result call:  local  nil  0  2  
[2022/05/01 16:48:23 494] isr        798  3  msc  
[2022/05/01 16:48:23 494] isr        800  already speech end  
[2022/05/01 16:48:23 494] isr        723  local_cbmsg_handler  ,msg=  408  param1=  nil  
[2022/05/01 16:48:23 494] isr        734  local session recognized end!  
[2022/05/01 16:48:23 590] isr        1547 ASR_MSG_AUW,   local  
[2022/05/01 16:48:23 590] isr        1559 3200  2  
[2022/05/01 16:48:23 591] isr        1636 ASR_MSG_GRSLT,   local  
[2022/05/01 16:48:23 591] isr        1307 0  nil  5  
[2022/05/01 16:48:23 692] isr        1639 ASR_MSG_SSE,   local  
[2022/05/01 16:48:23 692] isr        1356 session_end() [in]  
[2022/05/01 16:48:23 692] isr        1377 local_session_end() [in]  
[2022/05/01 16:48:23 693] isr        1416 ASR_LOCAL_MSG_SSE net_type  nil  
[2022/05/01 16:48:23 693] isr        1667 isr unload!  
============================================================
Time  2022/05/01 16:48:33 197 
============================================================
[2022/05/01 16:48:33 197] isr        1659 isr loaded!  
[2022/05/01 16:48:33 197] isr        1642 SYS_MSG_REGCB param0 =   msp_status_cb  param1 =   func(5c131d40) 
[2022/05/01 16:48:33 197] isr        1537 ASR_MSG_SSB  
[2022/05/01 16:48:33 197] isr        1066 session_begin() [in], params:   engine_type = local, 		asr_res_path = fo|res/asr/common.jet, sample_rate = 16000, 		grm_build_path = res/asr/GrmBuilld, local_grammar = call, 		result_type = xml, result_encoding = UTF-8,   nil  
[2022/05/01 16:48:33 197] isr        927  vad_set [in]  
[2022/05/01 16:48:33 197] isr        962  vad_enable :  true  
[2022/05/01 16:48:33 197] isr        980  vad_bos :  10000  
[2022/05/01 16:48:33 197] isr        981  vad_eos :  2000  
[2022/05/01 16:48:33 197] isr        886  enable_vad [in]  
[2022/05/01 16:48:33 197] isr        918  vad enabled!  2000  10000  
[2022/05/01 16:48:33 197] isr        921  enable_vad [out]  
[2022/05/01 16:48:33 197] isr        987  vad_set [out] | ret =  0  
[2022/05/01 16:48:33 197] isr        1182 cur_engine_type =   local  
[2022/05/01 16:48:33 197] isr        992  local_session_begin  
[2022/05/01 16:48:33 422] isr        1547 ASR_MSG_AUW,   local  
[2022/05/01 16:48:33 422] isr        1559 3200  1  
[2022/05/01 16:48:33 422] isr        1569 once_bytes:   3200  
[2022/05/01 16:48:33 423] isr        851  [aud] speech start  
[2022/05/01 16:48:33 423] isr        798  1  msc  
[2022/05/01 16:48:33 555] isr        1547 ASR_MSG_AUW,   local  
[2022/05/01 16:48:33 556] isr        1559 3200  2  
[2022/05/01 16:48:33 666] isr        1547 ASR_MSG_AUW,   local  
[2022/05/01 16:48:33 666] isr        1559 3200  2  
[2022/05/01 16:48:33 777] isr        1547 ASR_MSG_AUW,   local  
[2022/05/01 16:48:33 777] isr        1559 3200  2  
[2022/05/01 16:48:33 777] isr        1547 ASR_MSG_AUW,   local  
[2022/05/01 16:48:33 777] isr        1559 3200  2  
[2022/05/01 16:48:33 888] isr        1547 ASR_MSG_AUW,   local  
[2022/05/01 16:48:33 888] isr        1559 3200  2  
[2022/05/01 16:48:34 021] isr        1547 ASR_MSG_AUW,   local  
[2022/05/01 16:48:34 021] isr        1559 3200  2  
[2022/05/01 16:48:34 109] isr        1547 ASR_MSG_AUW,   local  
[2022/05/01 16:48:34 109] isr        1559 3200  2  
[2022/05/01 16:48:34 243] isr        1547 ASR_MSG_AUW,   local  
[2022/05/01 16:48:34 243] isr        1559 3200  2  
[2022/05/01 16:48:34 354] isr        1547 ASR_MSG_AUW,   local  
[2022/05/01 16:48:34 354] isr        1559 3200  2  
[2022/05/01 16:48:34 464] isr        1547 ASR_MSG_AUW,   local  
[2022/05/01 16:48:34 464] isr        1559 3200  2  
[2022/05/01 16:48:34 575] isr        1547 ASR_MSG_AUW,   local  
[2022/05/01 16:48:34 575] isr        1559 3200  2  
[2022/05/01 16:48:34 575] isr        1547 ASR_MSG_AUW,   local  
[2022/05/01 16:48:34 575] isr        1559 3200  2  
[2022/05/01 16:48:34 686] isr        1547 ASR_MSG_AUW,   local  
[2022/05/01 16:48:34 686] isr        1559 3200  2  
[2022/05/01 16:48:34 819] isr        1547 ASR_MSG_AUW,   local  
[2022/05/01 16:48:34 819] isr        1559 3200  2  
[2022/05/01 16:48:34 930] isr        1547 ASR_MSG_AUW,   local  
[2022/05/01 16:48:34 930] isr        1559 3200  2  
[2022/05/01 16:48:35 041] isr        1547 ASR_MSG_AUW,   local  
[2022/05/01 16:48:35 041] isr        1559 3200  2  
[2022/05/01 16:48:35 152] isr        1547 ASR_MSG_AUW,   local  
[2022/05/01 16:48:35 152] isr        1559 3200  2  
[2022/05/01 16:48:35 263] isr        1547 ASR_MSG_AUW,   local  
[2022/05/01 16:48:35 263] isr        1559 3200  2  
[2022/05/01 16:48:35 373] isr        1547 ASR_MSG_AUW,   local  
[2022/05/01 16:48:35 373] isr        1559 3200  2  
[2022/05/01 16:48:35 373] isr        1547 ASR_MSG_AUW,   local  
[2022/05/01 16:48:35 373] isr        1559 3200  2  
[2022/05/01 16:48:35 507] isr        1547 ASR_MSG_AUW,   local  
[2022/05/01 16:48:35 507] isr        1559 3200  2  
[2022/05/01 16:48:35 618] isr        1547 ASR_MSG_AUW,   local  
[2022/05/01 16:48:35 618] isr        1559 3200  2  
[2022/05/01 16:48:35 728] isr        1547 ASR_MSG_AUW,   local  
[2022/05/01 16:48:35 728] isr        1559 3200  2  
[2022/05/01 16:48:35 839] isr        1547 ASR_MSG_AUW,   local  
[2022/05/01 16:48:35 839] isr        1559 3200  2  
[2022/05/01 16:48:35 950] isr        1547 ASR_MSG_AUW,   local  
[2022/05/01 16:48:35 950] isr        1559 3200  2  
[2022/05/01 16:48:36 060] isr        1547 ASR_MSG_AUW,   local  
[2022/05/01 16:48:36 060] isr        1559 3200  2  
[2022/05/01 16:48:36 061] isr        1547 ASR_MSG_AUW,   local  
[2022/05/01 16:48:36 061] isr        1559 3200  2  
[2022/05/01 16:48:36 194] isr        1547 ASR_MSG_AUW,   local  
[2022/05/01 16:48:36 194] isr        1559 3200  2  
[2022/05/01 16:48:36 305] isr        1547 ASR_MSG_AUW,   local  
[2022/05/01 16:48:36 305] isr        1559 3200  2  
[2022/05/01 16:48:36 415] isr        1547 ASR_MSG_AUW,   local  
[2022/05/01 16:48:36 415] isr        1559 3200  2  
[2022/05/01 16:48:36 526] isr        1547 ASR_MSG_AUW,   local  
[2022/05/01 16:48:36 526] isr        1559 3200  2  
[2022/05/01 16:48:36 527] isr        723  local_cbmsg_handler  ,msg=  406  param1=  nil  
[2022/05/01 16:48:36 529] isr        723  local_cbmsg_handler  ,msg=  nil  param1=  nil  
[2022/05/01 16:48:36 529] isr        723  local_cbmsg_handler  ,msg=  408  param1=  nil  
[2022/05/01 16:48:36 529] isr        734  local session recognized end!  
[2022/05/01 16:48:36 529] isr        641  process_result call:  local  nil  0  2  
[2022/05/01 16:48:36 529] isr        798  3  msc  
[2022/05/01 16:48:36 660] isr        1547 ASR_MSG_AUW,   local  
[2022/05/01 16:48:36 661] isr        1559 3200  2  
[2022/05/01 16:48:36 664] isr        1636 ASR_MSG_GRSLT,   local  
[2022/05/01 16:48:36 664] isr        1307 0  nil  5  
[2022/05/01 16:48:36 765] isr        1639 ASR_MSG_SSE,   local  
[2022/05/01 16:48:36 766] isr        1356 session_end() [in]  
[2022/05/01 16:48:36 766] isr        1377 local_session_end() [in]  
[2022/05/01 16:48:36 768] isr        1416 ASR_LOCAL_MSG_SSE net_type  nil  
[2022/05/01 16:48:36 772] isr        1667 isr unload!  
============================================================
Time  2022/05/01 16:49:00 072 
============================================================
[2022/05/01 16:49:00 072] isr        1659 isr loaded!  
[2022/05/01 16:49:00 072] isr        1642 SYS_MSG_REGCB param0 =   msp_status_cb  param1 =   func(ac131d40) 
[2022/05/01 16:49:00 072] isr        1537 ASR_MSG_SSB  
[2022/05/01 16:49:00 072] isr        1066 session_begin() [in], params:   engine_type = local, 		asr_res_path = fo|res/asr/common.jet, sample_rate = 16000, 		grm_build_path = res/asr/GrmBuilld, local_grammar = call, 		result_type = xml, result_encoding = UTF-8,   nil  
[2022/05/01 16:49:00 072] isr        927  vad_set [in]  
[2022/05/01 16:49:00 072] isr        962  vad_enable :  true  
[2022/05/01 16:49:00 072] isr        980  vad_bos :  10000  
[2022/05/01 16:49:00 072] isr        981  vad_eos :  2000  
[2022/05/01 16:49:00 072] isr        886  enable_vad [in]  
[2022/05/01 16:49:00 073] isr        918  vad enabled!  2000  10000  
[2022/05/01 16:49:00 073] isr        921  enable_vad [out]  
[2022/05/01 16:49:00 073] isr        987  vad_set [out] | ret =  0  
[2022/05/01 16:49:00 073] isr        1182 cur_engine_type =   local  
[2022/05/01 16:49:00 073] isr        992  local_session_begin  
[2022/05/01 16:49:00 294] isr        1547 ASR_MSG_AUW,   local  
[2022/05/01 16:49:00 294] isr        1559 3200  1  
[2022/05/01 16:49:00 294] isr        1569 once_bytes:   3200  
[2022/05/01 16:49:00 295] isr        851  [aud] speech start  
[2022/05/01 16:49:00 295] isr        798  1  msc  
[2022/05/01 16:49:00 428] isr        1547 ASR_MSG_AUW,   local  
[2022/05/01 16:49:00 428] isr        1559 3200  2  
[2022/05/01 16:49:00 539] isr        1547 ASR_MSG_AUW,   local  
[2022/05/01 16:49:00 539] isr        1559 3200  2  
[2022/05/01 16:49:00 649] isr        1547 ASR_MSG_AUW,   local  
[2022/05/01 16:49:00 649] isr        1559 3200  2  
[2022/05/01 16:49:00 649] isr        1547 ASR_MSG_AUW,   local  
[2022/05/01 16:49:00 649] isr        1559 3200  2  
[2022/05/01 16:49:00 760] isr        1547 ASR_MSG_AUW,   local  
[2022/05/01 16:49:00 760] isr        1559 3200  2  
[2022/05/01 16:49:00 894] isr        1547 ASR_MSG_AUW,   local  
[2022/05/01 16:49:00 894] isr        1559 3200  2  
[2022/05/01 16:49:01 004] isr        1547 ASR_MSG_AUW,   local  
[2022/05/01 16:49:01 004] isr        1559 3200  2  
[2022/05/01 16:49:01 115] isr        1547 ASR_MSG_AUW,   local  
[2022/05/01 16:49:01 115] isr        1559 3200  2  
[2022/05/01 16:49:01 226] isr        1547 ASR_MSG_AUW,   local  
[2022/05/01 16:49:01 226] isr        1559 3200  2  
[2022/05/01 16:49:01 336] isr        1547 ASR_MSG_AUW,   local  
[2022/05/01 16:49:01 336] isr        1559 3200  2  
[2022/05/01 16:49:01 447] isr        1547 ASR_MSG_AUW,   local  
[2022/05/01 16:49:01 447] isr        1559 3200  2  
[2022/05/01 16:49:01 447] isr        1547 ASR_MSG_AUW,   local  
[2022/05/01 16:49:01 447] isr        1559 3200  2  
[2022/05/01 16:49:01 558] isr        1547 ASR_MSG_AUW,   local  
[2022/05/01 16:49:01 558] isr        1559 3200  2  
[2022/05/01 16:49:01 692] isr        1547 ASR_MSG_AUW,   local  
[2022/05/01 16:49:01 692] isr        1559 3200  2  
[2022/05/01 16:49:01 802] isr        1547 ASR_MSG_AUW,   local  
[2022/05/01 16:49:01 802] isr        1559 3200  2  
[2022/05/01 16:49:01 913] isr        1547 ASR_MSG_AUW,   local  
[2022/05/01 16:49:01 913] isr        1559 3200  2  
[2022/05/01 16:49:02 024] isr        1547 ASR_MSG_AUW,   local  
[2022/05/01 16:49:02 024] isr        1559 3200  2  
[2022/05/01 16:49:02 134] isr        1547 ASR_MSG_AUW,   local  
[2022/05/01 16:49:02 134] isr        1559 3200  2  
[2022/05/01 16:49:02 245] isr        1547 ASR_MSG_AUW,   local  
[2022/05/01 16:49:02 245] isr        1559 3200  2  
[2022/05/01 16:49:02 245] isr        1547 ASR_MSG_AUW,   local  
[2022/05/01 16:49:02 245] isr        1559 3200  2  
[2022/05/01 16:49:02 379] isr        1547 ASR_MSG_AUW,   local  
[2022/05/01 16:49:02 379] isr        1559 3200  2  
[2022/05/01 16:49:02 490] isr        1547 ASR_MSG_AUW,   local  
[2022/05/01 16:49:02 490] isr        1559 3200  2  
[2022/05/01 16:49:02 600] isr        1547 ASR_MSG_AUW,   local  
[2022/05/01 16:49:02 600] isr        1559 3200  2  
[2022/05/01 16:49:02 711] isr        1547 ASR_MSG_AUW,   local  
[2022/05/01 16:49:02 711] isr        1559 3200  2  
[2022/05/01 16:49:02 821] isr        1547 ASR_MSG_AUW,   local  
[2022/05/01 16:49:02 821] isr        1559 3200  2  
[2022/05/01 16:49:02 932] isr        1547 ASR_MSG_AUW,   local  
[2022/05/01 16:49:02 932] isr        1559 3200  2  
[2022/05/01 16:49:02 932] isr        1547 ASR_MSG_AUW,   local  
[2022/05/01 16:49:02 932] isr        1559 3200  2  
[2022/05/01 16:49:03 066] isr        1547 ASR_MSG_AUW,   local  
[2022/05/01 16:49:03 066] isr        1559 3200  2  
[2022/05/01 16:49:03 177] isr        1547 ASR_MSG_AUW,   local  
[2022/05/01 16:49:03 177] isr        1559 3200  2  
[2022/05/01 16:49:03 287] isr        1547 ASR_MSG_AUW,   local  
[2022/05/01 16:49:03 287] isr        1559 3200  2  
[2022/05/01 16:49:03 398] isr        1547 ASR_MSG_AUW,   local  
[2022/05/01 16:49:03 398] isr        1559 3200  2  
[2022/05/01 16:49:03 399] isr        723  local_cbmsg_handler  ,msg=  406  param1=  nil  
[2022/05/01 16:49:03 400] isr        723  local_cbmsg_handler  ,msg=  nil  param1=  nil  
[2022/05/01 16:49:03 401] isr        723  local_cbmsg_handler  ,msg=  408  param1=  nil  
[2022/05/01 16:49:03 401] isr        734  local session recognized end!  
[2022/05/01 16:49:03 401] isr        641  process_result call:  local  nil  0  2  
[2022/05/01 16:49:03 401] isr        798  3  msc  
[2022/05/01 16:49:03 532] isr        1547 ASR_MSG_AUW,   local  
[2022/05/01 16:49:03 532] isr        1559 3200  2  
[2022/05/01 16:49:03 533] isr        1636 ASR_MSG_GRSLT,   local  
[2022/05/01 16:49:03 533] isr        1307 0  nil  5  
[2022/05/01 16:49:03 634] isr        1639 ASR_MSG_SSE,   local  
[2022/05/01 16:49:03 635] isr        1356 session_end() [in]  
[2022/05/01 16:49:03 635] isr        1377 local_session_end() [in]  
[2022/05/01 16:49:03 637] isr        1416 ASR_LOCAL_MSG_SSE net_type  nil  
[2022/05/01 16:49:03 641] isr        1667 isr unload!  
============================================================
Time  2022/05/01 16:50:39 262 
============================================================
[2022/05/01 16:50:39 262] isr        1659 isr loaded!  
[2022/05/01 16:50:39 262] isr        1642 SYS_MSG_REGCB param0 =   msp_status_cb  param1 =   func(ec02fbd0) 
[2022/05/01 16:50:39 262] isr        1537 ASR_MSG_SSB  
[2022/05/01 16:50:39 262] isr        1066 session_begin() [in], params:   sub = iat, domain = iat, language = zh_cn, accent = mandarin, sample_rate = 16000, result_type = plain, result_encoding = utf8  nil  
[2022/05/01 16:50:39 262] isr        927  vad_set [in]  
[2022/05/01 16:50:39 262] isr        962  vad_enable :  true  
[2022/05/01 16:50:39 262] isr        980  vad_bos :  10000  
[2022/05/01 16:50:39 262] isr        981  vad_eos :  2000  
[2022/05/01 16:50:39 262] isr        886  enable_vad [in]  
[2022/05/01 16:50:39 263] isr        918  vad enabled!  2000  10000  
[2022/05/01 16:50:39 263] isr        921  enable_vad [out]  
[2022/05/01 16:50:39 263] isr        987  vad_set [out] | ret =  0  
[2022/05/01 16:50:39 263] isr        1187 cur_engine_type =   cloud  
[2022/05/01 16:50:39 263] isr        1001 cloud_session_begin  
[2022/05/01 16:50:39 263] isr        1013 unknown  
[2022/05/01 16:50:39 486] isr        1547 ASR_MSG_AUW,   cloud  
[2022/05/01 16:50:39 486] isr        1559 3200  1  
[2022/05/01 16:50:39 486] isr        1569 once_bytes:   3200  
[2022/05/01 16:50:39 487] isr        851  [aud] speech start  
[2022/05/01 16:50:39 487] isr        798  1  msc  
[2022/05/01 16:50:39 621] isr        1547 ASR_MSG_AUW,   cloud  
[2022/05/01 16:50:39 621] isr        1559 3200  2  
[2022/05/01 16:50:39 733] isr        1547 ASR_MSG_AUW,   cloud  
[2022/05/01 16:50:39 733] isr        1559 3200  2  
[2022/05/01 16:50:39 840] isr        1547 ASR_MSG_AUW,   cloud  
[2022/05/01 16:50:39 841] isr        1559 3200  2  
[2022/05/01 16:50:39 841] isr        1547 ASR_MSG_AUW,   cloud  
[2022/05/01 16:50:39 841] isr        1559 3200  2  
[2022/05/01 16:50:39 951] isr        1547 ASR_MSG_AUW,   cloud  
[2022/05/01 16:50:39 952] isr        1559 3200  2  
[2022/05/01 16:50:40 085] isr        1547 ASR_MSG_AUW,   cloud  
[2022/05/01 16:50:40 085] isr        1559 3200  2  
[2022/05/01 16:50:40 196] isr        1547 ASR_MSG_AUW,   cloud  
[2022/05/01 16:50:40 196] isr        1559 3200  2  
[2022/05/01 16:50:40 304] isr        1547 ASR_MSG_AUW,   cloud  
[2022/05/01 16:50:40 304] isr        1559 3200  2  
[2022/05/01 16:50:40 417] isr        1547 ASR_MSG_AUW,   cloud  
[2022/05/01 16:50:40 417] isr        1559 3200  2  
[2022/05/01 16:50:40 526] isr        1547 ASR_MSG_AUW,   cloud  
[2022/05/01 16:50:40 526] isr        1559 3200  2  
[2022/05/01 16:50:40 660] isr        1547 ASR_MSG_AUW,   cloud  
[2022/05/01 16:50:40 661] isr        1559 3200  2  
[2022/05/01 16:50:40 662] isr        1547 ASR_MSG_AUW,   cloud  
[2022/05/01 16:50:40 662] isr        1559 3200  2  
[2022/05/01 16:50:40 746] isr        1547 ASR_MSG_AUW,   cloud  
[2022/05/01 16:50:40 746] isr        1559 3200  2  
[2022/05/01 16:50:40 877] isr        1547 ASR_MSG_AUW,   cloud  
[2022/05/01 16:50:40 877] isr        1559 3200  2  
[2022/05/01 16:50:40 986] isr        1547 ASR_MSG_AUW,   cloud  
[2022/05/01 16:50:40 986] isr        1559 3200  2  
[2022/05/01 16:50:41 119] isr        1547 ASR_MSG_AUW,   cloud  
[2022/05/01 16:50:41 119] isr        1559 3200  2  
[2022/05/01 16:50:41 230] isr        1547 ASR_MSG_AUW,   cloud  
[2022/05/01 16:50:41 230] isr        1559 3200  2  
[2022/05/01 16:50:41 337] isr        1547 ASR_MSG_AUW,   cloud  
[2022/05/01 16:50:41 337] isr        1559 3200  2  
[2022/05/01 16:50:41 448] isr        1547 ASR_MSG_AUW,   cloud  
[2022/05/01 16:50:41 449] isr        1559 3200  2  
[2022/05/01 16:50:41 449] isr        1547 ASR_MSG_AUW,   cloud  
[2022/05/01 16:50:41 449] isr        1559 3200  2  
[2022/05/01 16:50:41 555] isr        1547 ASR_MSG_AUW,   cloud  
[2022/05/01 16:50:41 555] isr        1559 3200  2  
[2022/05/01 16:50:41 688] isr        1547 ASR_MSG_AUW,   cloud  
[2022/05/01 16:50:41 688] isr        1559 3200  2  
[2022/05/01 16:50:41 797] isr        1547 ASR_MSG_AUW,   cloud  
[2022/05/01 16:50:41 797] isr        1559 3200  2  
[2022/05/01 16:50:41 908] isr        1547 ASR_MSG_AUW,   cloud  
[2022/05/01 16:50:41 908] isr        1559 3200  2  
[2022/05/01 16:50:42 017] isr        1547 ASR_MSG_AUW,   cloud  
[2022/05/01 16:50:42 017] isr        1559 3200  2  
[2022/05/01 16:50:42 129] isr        1547 ASR_MSG_AUW,   cloud  
[2022/05/01 16:50:42 129] isr        1559 3200  2  
[2022/05/01 16:50:42 132] isr        1547 ASR_MSG_AUW,   cloud  
[2022/05/01 16:50:42 132] isr        1559 3200  2  
[2022/05/01 16:50:42 261] isr        1547 ASR_MSG_AUW,   cloud  
[2022/05/01 16:50:42 262] isr        1559 3200  2  
[2022/05/01 16:50:42 370] isr        1547 ASR_MSG_AUW,   cloud  
[2022/05/01 16:50:42 370] isr        1559 3200  2  
[2022/05/01 16:50:42 481] isr        1547 ASR_MSG_AUW,   cloud  
[2022/05/01 16:50:42 481] isr        1559 3200  2  
[2022/05/01 16:50:42 590] isr        1547 ASR_MSG_AUW,   cloud  
[2022/05/01 16:50:42 590] isr        1559 3200  2  
[2022/05/01 16:50:42 720] isr        1547 ASR_MSG_AUW,   cloud  
[2022/05/01 16:50:42 720] isr        1559 3200  2  
[2022/05/01 16:50:42 831] isr        1547 ASR_MSG_AUW,   cloud  
[2022/05/01 16:50:42 831] isr        1559 3200  2  
[2022/05/01 16:50:42 941] isr        1547 ASR_MSG_AUW,   cloud  
[2022/05/01 16:50:42 942] isr        1559 3200  2  
[2022/05/01 16:50:42 944] isr        1547 ASR_MSG_AUW,   cloud  
[2022/05/01 16:50:42 944] isr        1559 3200  2  
[2022/05/01 16:50:43 050] isr        1547 ASR_MSG_AUW,   cloud  
[2022/05/01 16:50:43 050] isr        1559 3200  2  
[2022/05/01 16:50:43 158] isr        1547 ASR_MSG_AUW,   cloud  
[2022/05/01 16:50:43 158] isr        1559 3200  2  
[2022/05/01 16:50:43 291] isr        1547 ASR_MSG_AUW,   cloud  
[2022/05/01 16:50:43 292] isr        1559 3200  2  
[2022/05/01 16:50:43 401] isr        1547 ASR_MSG_AUW,   cloud  
[2022/05/01 16:50:43 402] isr        1559 3200  2  
[2022/05/01 16:50:43 508] isr        1547 ASR_MSG_AUW,   cloud  
[2022/05/01 16:50:43 508] isr        1559 3200  2  
[2022/05/01 16:50:43 617] isr        1547 ASR_MSG_AUW,   cloud  
[2022/05/01 16:50:43 617] isr        1559 3200  2  
[2022/05/01 16:50:43 750] isr        1547 ASR_MSG_AUW,   cloud  
[2022/05/01 16:50:43 750] isr        1559 3200  2  
[2022/05/01 16:50:43 750] isr        1547 ASR_MSG_AUW,   cloud  
[2022/05/01 16:50:43 750] isr        1559 3200  2  
[2022/05/01 16:50:43 858] isr        1547 ASR_MSG_AUW,   cloud  
[2022/05/01 16:50:43 858] isr        1559 3200  2  
[2022/05/01 16:50:43 967] isr        1547 ASR_MSG_AUW,   cloud  
[2022/05/01 16:50:43 967] isr        1559 3200  2  
[2022/05/01 16:50:44 078] isr        1547 ASR_MSG_AUW,   cloud  
[2022/05/01 16:50:44 078] isr        1559 3200  2  
[2022/05/01 16:50:44 208] isr        1547 ASR_MSG_AUW,   cloud  
[2022/05/01 16:50:44 208] isr        1559 3200  2  
[2022/05/01 16:50:44 318] isr        1547 ASR_MSG_AUW,   cloud  
[2022/05/01 16:50:44 318] isr        1559 3200  2  
[2022/05/01 16:50:44 428] isr        1547 ASR_MSG_AUW,   cloud  
[2022/05/01 16:50:44 428] isr        1559 3200  2  
[2022/05/01 16:50:44 539] isr        1547 ASR_MSG_AUW,   cloud  
[2022/05/01 16:50:44 539] isr        1559 3200  2  
[2022/05/01 16:50:44 541] isr        1547 ASR_MSG_AUW,   cloud  
[2022/05/01 16:50:44 541] isr        1559 3200  2  
[2022/05/01 16:50:44 669] isr        1547 ASR_MSG_AUW,   cloud  
[2022/05/01 16:50:44 669] isr        1559 3200  2  
[2022/05/01 16:50:44 778] isr        1547 ASR_MSG_AUW,   cloud  
[2022/05/01 16:50:44 778] isr        1559 3200  2  
[2022/05/01 16:50:44 888] isr        1547 ASR_MSG_AUW,   cloud  
[2022/05/01 16:50:44 888] isr        1559 3200  2  
[2022/05/01 16:50:44 996] isr        1547 ASR_MSG_AUW,   cloud  
[2022/05/01 16:50:44 996] isr        1559 3200  2  
[2022/05/01 16:50:45 129] isr        1547 ASR_MSG_AUW,   cloud  
[2022/05/01 16:50:45 129] isr        1559 3200  2  
[2022/05/01 16:50:45 239] isr        1547 ASR_MSG_AUW,   cloud  
[2022/05/01 16:50:45 239] isr        1559 3200  2  
[2022/05/01 16:50:45 240] isr        1547 ASR_MSG_AUW,   cloud  
[2022/05/01 16:50:45 240] isr        1559 3200  2  
[2022/05/01 16:50:45 351] isr        1547 ASR_MSG_AUW,   cloud  
[2022/05/01 16:50:45 351] isr        1559 3200  2  
[2022/05/01 16:50:45 458] isr        1547 ASR_MSG_AUW,   cloud  
[2022/05/01 16:50:45 458] isr        1559 3200  2  
[2022/05/01 16:50:45 592] isr        1547 ASR_MSG_AUW,   cloud  
[2022/05/01 16:50:45 592] isr        1559 3200  2  
[2022/05/01 16:50:45 703] isr        1547 ASR_MSG_AUW,   cloud  
[2022/05/01 16:50:45 703] isr        1559 3200  2  
[2022/05/01 16:50:45 813] isr        1547 ASR_MSG_AUW,   cloud  
[2022/05/01 16:50:45 814] isr        1559 3200  2  
[2022/05/01 16:50:45 924] isr        1547 ASR_MSG_AUW,   cloud  
[2022/05/01 16:50:45 924] isr        1559 3200  2  
[2022/05/01 16:50:46 033] isr        1547 ASR_MSG_AUW,   cloud  
[2022/05/01 16:50:46 033] isr        1559 3200  2  
[2022/05/01 16:50:46 033] isr        1547 ASR_MSG_AUW,   cloud  
[2022/05/01 16:50:46 033] isr        1559 3200  2  
[2022/05/01 16:50:46 168] isr        1547 ASR_MSG_AUW,   cloud  
[2022/05/01 16:50:46 168] isr        1559 3200  2  
[2022/05/01 16:50:46 279] isr        1547 ASR_MSG_AUW,   cloud  
[2022/05/01 16:50:46 279] isr        1559 3200  2  
[2022/05/01 16:50:46 387] isr        1547 ASR_MSG_AUW,   cloud  
[2022/05/01 16:50:46 387] isr        1559 3200  2  
[2022/05/01 16:50:46 498] isr        1547 ASR_MSG_AUW,   cloud  
[2022/05/01 16:50:46 498] isr        1559 3200  2  
[2022/05/01 16:50:46 630] isr        1547 ASR_MSG_AUW,   cloud  
[2022/05/01 16:50:46 630] isr        1559 3200  2  
[2022/05/01 16:50:46 720] isr        1547 ASR_MSG_AUW,   cloud  
[2022/05/01 16:50:46 720] isr        1559 3200  2  
[2022/05/01 16:50:46 852] isr        1547 ASR_MSG_AUW,   cloud  
[2022/05/01 16:50:46 852] isr        1559 3200  2  
[2022/05/01 16:50:46 855] isr        1547 ASR_MSG_AUW,   cloud  
[2022/05/01 16:50:46 855] isr        1559 3200  2  
[2022/05/01 16:50:46 960] isr        1547 ASR_MSG_AUW,   cloud  
[2022/05/01 16:50:46 960] isr        1559 3200  2  
[2022/05/01 16:50:47 068] isr        1547 ASR_MSG_AUW,   cloud  
[2022/05/01 16:50:47 068] isr        1559 3200  2  
[2022/05/01 16:50:47 178] isr        1547 ASR_MSG_AUW,   cloud  
[2022/05/01 16:50:47 178] isr        1559 3200  2  
[2022/05/01 16:50:47 312] isr        1547 ASR_MSG_AUW,   cloud  
[2022/05/01 16:50:47 312] isr        1559 3200  2  
[2022/05/01 16:50:47 422] isr        1547 ASR_MSG_AUW,   cloud  
[2022/05/01 16:50:47 422] isr        1559 3200  2  
[2022/05/01 16:50:47 533] isr        1547 ASR_MSG_AUW,   cloud  
[2022/05/01 16:50:47 533] isr        1559 3200  2  
[2022/05/01 16:50:47 642] isr        1547 ASR_MSG_AUW,   cloud  
[2022/05/01 16:50:47 642] isr        1559 3200  2  
[2022/05/01 16:50:47 644] isr        1547 ASR_MSG_AUW,   cloud  
[2022/05/01 16:50:47 644] isr        1559 3200  2  
[2022/05/01 16:50:47 775] isr        1547 ASR_MSG_AUW,   cloud  
[2022/05/01 16:50:47 775] isr        1559 3200  2  
[2022/05/01 16:50:47 884] isr        1547 ASR_MSG_AUW,   cloud  
[2022/05/01 16:50:47 884] isr        1559 3200  2  
[2022/05/01 16:50:47 993] isr        1547 ASR_MSG_AUW,   cloud  
[2022/05/01 16:50:47 993] isr        1559 3200  2  
[2022/05/01 16:50:48 101] isr        1547 ASR_MSG_AUW,   cloud  
[2022/05/01 16:50:48 101] isr        1559 3200  2  
[2022/05/01 16:50:48 235] isr        1547 ASR_MSG_AUW,   cloud  
[2022/05/01 16:50:48 235] isr        1559 3200  2  
[2022/05/01 16:50:48 346] isr        1547 ASR_MSG_AUW,   cloud  
[2022/05/01 16:50:48 346] isr        1559 3200  2  
[2022/05/01 16:50:48 454] isr        1547 ASR_MSG_AUW,   cloud  
[2022/05/01 16:50:48 454] isr        1559 3200  2  
[2022/05/01 16:50:48 454] isr        1547 ASR_MSG_AUW,   cloud  
[2022/05/01 16:50:48 454] isr        1559 3200  2  
[2022/05/01 16:50:48 563] isr        1547 ASR_MSG_AUW,   cloud  
[2022/05/01 16:50:48 563] isr        1559 3200  2  
[2022/05/01 16:50:48 673] isr        1547 ASR_MSG_AUW,   cloud  
[2022/05/01 16:50:48 673] isr        1559 3200  2  
[2022/05/01 16:50:48 804] isr        1547 ASR_MSG_AUW,   cloud  
[2022/05/01 16:50:48 804] isr        1559 3200  2  
[2022/05/01 16:50:48 916] isr        1547 ASR_MSG_AUW,   cloud  
[2022/05/01 16:50:48 917] isr        1559 3200  2  
[2022/05/01 16:50:49 027] isr        1547 ASR_MSG_AUW,   cloud  
[2022/05/01 16:50:49 027] isr        1559 3200  2  
[2022/05/01 16:50:49 136] isr        1547 ASR_MSG_AUW,   cloud  
[2022/05/01 16:50:49 136] isr        1559 3200  2  
[2022/05/01 16:50:49 136] isr        1547 ASR_MSG_AUW,   cloud  
[2022/05/01 16:50:49 136] isr        1559 3200  2  
[2022/05/01 16:50:49 246] isr        1547 ASR_MSG_AUW,   cloud  
[2022/05/01 16:50:49 246] isr        1559 3200  2  
[2022/05/01 16:50:49 355] isr        1547 ASR_MSG_AUW,   cloud  
[2022/05/01 16:50:49 355] isr        1559 3200  2  
[2022/05/01 16:50:49 487] isr        1547 ASR_MSG_AUW,   cloud  
[2022/05/01 16:50:49 487] isr        1559 3200  2  
[2022/05/01 16:50:49 594] isr        1547 ASR_MSG_AUW,   cloud  
[2022/05/01 16:50:49 594] isr        1559 3200  2  
[2022/05/01 16:50:49 728] isr        1547 ASR_MSG_AUW,   cloud  
[2022/05/01 16:50:49 728] isr        1559 3200  2  
[2022/05/01 16:50:49 835] isr        1547 ASR_MSG_AUW,   cloud  
[2022/05/01 16:50:49 835] isr        1559 3200  2  
[2022/05/01 16:50:49 944] isr        1547 ASR_MSG_AUW,   cloud  
[2022/05/01 16:50:49 944] isr        1559 3200  2  
[2022/05/01 16:50:49 944] isr        1547 ASR_MSG_AUW,   cloud  
[2022/05/01 16:50:49 944] isr        1559 3200  2  
[2022/05/01 16:50:50 056] isr        1547 ASR_MSG_AUW,   cloud  
[2022/05/01 16:50:50 056] isr        1559 3200  2  
[2022/05/01 16:50:50 187] isr        1547 ASR_MSG_AUW,   cloud  
[2022/05/01 16:50:50 187] isr        1559 3200  2  
[2022/05/01 16:50:50 299] isr        1547 ASR_MSG_AUW,   cloud  
[2022/05/01 16:50:50 299] isr        1559 3200  2  
[2022/05/01 16:50:50 406] isr        1547 ASR_MSG_AUW,   cloud  
[2022/05/01 16:50:50 406] isr        1559 3200  2  
[2022/05/01 16:50:50 517] isr        1547 ASR_MSG_AUW,   cloud  
[2022/05/01 16:50:50 517] isr        1559 3200  2  
[2022/05/01 16:50:50 627] isr        1547 ASR_MSG_AUW,   cloud  
[2022/05/01 16:50:50 627] isr        1559 3200  2  
[2022/05/01 16:50:50 737] isr        1547 ASR_MSG_AUW,   cloud  
[2022/05/01 16:50:50 737] isr        1559 3200  2  
[2022/05/01 16:50:50 739] isr        1547 ASR_MSG_AUW,   cloud  
[2022/05/01 16:50:50 739] isr        1559 3200  2  
[2022/05/01 16:50:50 870] isr        1547 ASR_MSG_AUW,   cloud  
[2022/05/01 16:50:50 870] isr        1559 3200  2  
[2022/05/01 16:50:50 979] isr        1547 ASR_MSG_AUW,   cloud  
[2022/05/01 16:50:50 979] isr        1559 3200  2  
[2022/05/01 16:50:51 088] isr        1547 ASR_MSG_AUW,   cloud  
[2022/05/01 16:50:51 088] isr        1559 3200  2  
[2022/05/01 16:50:51 198] isr        1547 ASR_MSG_AUW,   cloud  
[2022/05/01 16:50:51 198] isr        1559 3200  2  
[2022/05/01 16:50:51 331] isr        1547 ASR_MSG_AUW,   cloud  
[2022/05/01 16:50:51 331] isr        1559 3200  2  
[2022/05/01 16:50:51 438] isr        1547 ASR_MSG_AUW,   cloud  
[2022/05/01 16:50:51 438] isr        1559 3200  2  
[2022/05/01 16:50:51 548] isr        1547 ASR_MSG_AUW,   cloud  
[2022/05/01 16:50:51 548] isr        1559 3200  2  
[2022/05/01 16:50:51 549] isr        1547 ASR_MSG_AUW,   cloud  
[2022/05/01 16:50:51 549] isr        1559 3200  2  
[2022/05/01 16:50:51 655] isr        1547 ASR_MSG_AUW,   cloud  
[2022/05/01 16:50:51 655] isr        1559 3200  2  
[2022/05/01 16:50:51 763] isr        1547 ASR_MSG_AUW,   cloud  
[2022/05/01 16:50:51 763] isr        1559 3200  2  
[2022/05/01 16:50:51 896] isr        1547 ASR_MSG_AUW,   cloud  
[2022/05/01 16:50:51 896] isr        1559 3200  2  
[2022/05/01 16:50:52 005] isr        1547 ASR_MSG_AUW,   cloud  
[2022/05/01 16:50:52 005] isr        1559 3200  2  
[2022/05/01 16:50:52 137] isr        1547 ASR_MSG_AUW,   cloud  
[2022/05/01 16:50:52 137] isr        1559 3200  2  
[2022/05/01 16:50:52 248] isr        1547 ASR_MSG_AUW,   cloud  
[2022/05/01 16:50:52 248] isr        1559 3200  2  
[2022/05/01 16:50:52 248] isr        1547 ASR_MSG_AUW,   cloud  
[2022/05/01 16:50:52 249] isr        1559 3200  2  
[2022/05/01 16:50:52 358] isr        1547 ASR_MSG_AUW,   cloud  
[2022/05/01 16:50:52 358] isr        1559 3200  2  
[2022/05/01 16:50:52 468] isr        1547 ASR_MSG_AUW,   cloud  
[2022/05/01 16:50:52 468] isr        1559 3200  2  
[2022/05/01 16:50:52 579] isr        1547 ASR_MSG_AUW,   cloud  
[2022/05/01 16:50:52 579] isr        1559 3200  2  
[2022/05/01 16:50:52 689] isr        1547 ASR_MSG_AUW,   cloud  
[2022/05/01 16:50:52 690] isr        1559 3200  2  
[2022/05/01 16:50:52 823] isr        1547 ASR_MSG_AUW,   cloud  
[2022/05/01 16:50:52 823] isr        1559 3200  2  
[2022/05/01 16:50:52 931] isr        1547 ASR_MSG_AUW,   cloud  
[2022/05/01 16:50:52 931] isr        1559 3200  2  
[2022/05/01 16:50:53 038] isr        1547 ASR_MSG_AUW,   cloud  
[2022/05/01 16:50:53 038] isr        1559 3200  2  
[2022/05/01 16:50:53 038] isr        1547 ASR_MSG_AUW,   cloud  
[2022/05/01 16:50:53 038] isr        1559 3200  2  
[2022/05/01 16:50:53 149] isr        1547 ASR_MSG_AUW,   cloud  
[2022/05/01 16:50:53 149] isr        1559 3200  2  
[2022/05/01 16:50:53 281] isr        1547 ASR_MSG_AUW,   cloud  
[2022/05/01 16:50:53 281] isr        1559 3200  2  
[2022/05/01 16:50:53 387] isr        1547 ASR_MSG_AUW,   cloud  
[2022/05/01 16:50:53 387] isr        1559 3200  2  
[2022/05/01 16:50:53 496] isr        1547 ASR_MSG_AUW,   cloud  
[2022/05/01 16:50:53 496] isr        1559 3200  2  
[2022/05/01 16:50:53 608] isr        1547 ASR_MSG_AUW,   cloud  
[2022/05/01 16:50:53 608] isr        1559 3200  2  
[2022/05/01 16:50:53 739] isr        1547 ASR_MSG_AUW,   cloud  
[2022/05/01 16:50:53 739] isr        1559 3200  2  
[2022/05/01 16:50:53 850] isr        1547 ASR_MSG_AUW,   cloud  
[2022/05/01 16:50:53 850] isr        1559 3200  2  
[2022/05/01 16:50:53 850] isr        1547 ASR_MSG_AUW,   cloud  
[2022/05/01 16:50:53 850] isr        1559 3200  2  
[2022/05/01 16:50:53 961] isr        1547 ASR_MSG_AUW,   cloud  
[2022/05/01 16:50:53 961] isr        1559 3200  2  
[2022/05/01 16:50:54 073] isr        1547 ASR_MSG_AUW,   cloud  
[2022/05/01 16:50:54 073] isr        1559 3200  2  
[2022/05/01 16:50:54 182] isr        1547 ASR_MSG_AUW,   cloud  
[2022/05/01 16:50:54 183] isr        1559 3200  2  
[2022/05/01 16:50:54 279] isr        1547 ASR_MSG_AUW,   cloud  
[2022/05/01 16:50:54 279] isr        1559 0  4  
[2022/05/01 16:50:54 279] isr        1592 aud end, USER  
[2022/05/01 16:50:54 279] isr        1636 ASR_MSG_GRSLT,   cloud  
[2022/05/01 16:50:54 280] isr        1335 0  nil  2  
[2022/05/01 16:50:54 281] isr        854  [aud] speech end  
[2022/05/01 16:50:54 281] isr        798  3  msc  
[2022/05/01 16:50:54 284] isr        707  cloud_status_cb, start local.  
[2022/05/01 16:50:54 381] isr        1636 ASR_MSG_GRSLT,   cloud  
[2022/05/01 16:50:54 381] isr        1335 0  nil  2  
[2022/05/01 16:50:54 481] isr        1636 ASR_MSG_GRSLT,   cloud  
[2022/05/01 16:50:54 481] isr        1335 0  nil  2  
[2022/05/01 16:50:54 582] isr        1636 ASR_MSG_GRSLT,   cloud  
[2022/05/01 16:50:54 582] isr        1335 0  nil  2  
[2022/05/01 16:50:54 683] isr        1636 ASR_MSG_GRSLT,   cloud  
[2022/05/01 16:50:54 684] isr        1335 0  nil  2  
[2022/05/01 16:50:54 786] isr        1636 ASR_MSG_GRSLT,   cloud  
[2022/05/01 16:50:54 786] isr        1335 0  nil  2  
[2022/05/01 16:50:54 887] isr        1636 ASR_MSG_GRSLT,   cloud  
[2022/05/01 16:50:54 887] isr        1335 0  nil  2  
[2022/05/01 16:50:54 988] isr        1636 ASR_MSG_GRSLT,   cloud  
[2022/05/01 16:50:54 988] isr        1335 0  nil  2  
[2022/05/01 16:50:55 089] isr        1636 ASR_MSG_GRSLT,   cloud  
[2022/05/01 16:50:55 089] isr        1335 0  nil  2  
[2022/05/01 16:50:55 189] isr        1636 ASR_MSG_GRSLT,   cloud  
[2022/05/01 16:50:55 189] isr        1335 0  nil  2  
[2022/05/01 16:50:55 290] isr        1636 ASR_MSG_GRSLT,   cloud  
[2022/05/01 16:50:55 290] isr        1335 0  nil  2  
[2022/05/01 16:50:55 392] isr        1636 ASR_MSG_GRSLT,   cloud  
[2022/05/01 16:50:55 392] isr        1335 0  nil  2  
[2022/05/01 16:50:55 493] isr        1636 ASR_MSG_GRSLT,   cloud  
[2022/05/01 16:50:55 493] isr        1335 0  nil  2  
[2022/05/01 16:50:55 594] isr        1636 ASR_MSG_GRSLT,   cloud  
[2022/05/01 16:50:55 594] isr        1335 0  nil  2  
[2022/05/01 16:50:55 694] isr        1636 ASR_MSG_GRSLT,   cloud  
[2022/05/01 16:50:55 694] isr        1335 0  nil  2  
[2022/05/01 16:50:55 795] isr        1636 ASR_MSG_GRSLT,   cloud  
[2022/05/01 16:50:55 795] isr        1335 0  nil  2  
[2022/05/01 16:50:55 896] isr        1636 ASR_MSG_GRSLT,   cloud  
[2022/05/01 16:50:55 896] isr        1335 0  nil  2  
[2022/05/01 16:50:55 996] isr        1636 ASR_MSG_GRSLT,   cloud  
[2022/05/01 16:50:55 996] isr        1335 0  nil  2  
[2022/05/01 16:50:56 097] isr        1636 ASR_MSG_GRSLT,   cloud  
[2022/05/01 16:50:56 097] isr        1335 0  nil  2  
[2022/05/01 16:50:56 198] isr        1636 ASR_MSG_GRSLT,   cloud  
[2022/05/01 16:50:56 198] isr        1335 0  nil  2  
[2022/05/01 16:50:56 299] isr        1636 ASR_MSG_GRSLT,   cloud  
[2022/05/01 16:50:56 299] isr        1335 0  nil  2  
[2022/05/01 16:50:56 400] isr        1636 ASR_MSG_GRSLT,   cloud  
[2022/05/01 16:50:56 400] isr        1335 0  nil  2  
[2022/05/01 16:50:56 500] isr        1636 ASR_MSG_GRSLT,   cloud  
[2022/05/01 16:50:56 500] isr        1335 0  nil  2  
[2022/05/01 16:50:56 601] isr        1636 ASR_MSG_GRSLT,   cloud  
[2022/05/01 16:50:56 601] isr        1335 0  nil  2  
[2022/05/01 16:50:56 702] isr        1636 ASR_MSG_GRSLT,   cloud  
[2022/05/01 16:50:56 702] isr        1335 0  nil  2  
[2022/05/01 16:50:56 803] isr        1636 ASR_MSG_GRSLT,   cloud  
[2022/05/01 16:50:56 803] isr        1335 0  nil  2  
[2022/05/01 16:50:56 903] isr        1636 ASR_MSG_GRSLT,   cloud  
[2022/05/01 16:50:56 903] isr        1335 0  nil  2  
[2022/05/01 16:50:57 005] isr        1636 ASR_MSG_GRSLT,   cloud  
[2022/05/01 16:50:57 005] isr        1335 0  nil  2  
[2022/05/01 16:50:57 106] isr        1636 ASR_MSG_GRSLT,   cloud  
[2022/05/01 16:50:57 106] isr        1335 0  nil  2  
[2022/05/01 16:50:57 207] isr        1636 ASR_MSG_GRSLT,   cloud  
[2022/05/01 16:50:57 207] isr        1335 0  nil  2  
[2022/05/01 16:50:57 308] isr        1636 ASR_MSG_GRSLT,   cloud  
[2022/05/01 16:50:57 308] isr        1335 0  nil  2  
============================================================
Time  2022/05/01 16:51:07 149 
============================================================
[2022/05/01 16:51:07 149] isr        1659 isr loaded!  
[2022/05/01 16:51:07 149] isr        1642 SYS_MSG_REGCB param0 =   msp_status_cb  param1 =   func(c002fbd0) 
[2022/05/01 16:51:07 149] isr        1537 ASR_MSG_SSB  
[2022/05/01 16:51:07 149] isr        1066 session_begin() [in], params:   sub = iat, domain = iat, language = zh_cn, accent = mandarin, sample_rate = 16000, result_type = plain, result_encoding = utf8  nil  
[2022/05/01 16:51:07 149] isr        927  vad_set [in]  
[2022/05/01 16:51:07 149] isr        962  vad_enable :  true  
[2022/05/01 16:51:07 149] isr        980  vad_bos :  10000  
[2022/05/01 16:51:07 149] isr        981  vad_eos :  2000  
[2022/05/01 16:51:07 149] isr        886  enable_vad [in]  
[2022/05/01 16:51:07 150] isr        918  vad enabled!  2000  10000  
[2022/05/01 16:51:07 150] isr        921  enable_vad [out]  
[2022/05/01 16:51:07 150] isr        987  vad_set [out] | ret =  0  
[2022/05/01 16:51:07 150] isr        1187 cur_engine_type =   cloud  
[2022/05/01 16:51:07 150] isr        1001 cloud_session_begin  
[2022/05/01 16:51:07 150] isr        1013 unknown  
[2022/05/01 16:51:07 373] isr        1547 ASR_MSG_AUW,   cloud  
[2022/05/01 16:51:07 373] isr        1559 3200  1  
[2022/05/01 16:51:07 373] isr        1569 once_bytes:   3200  
[2022/05/01 16:51:07 376] isr        851  [aud] speech start  
[2022/05/01 16:51:07 376] isr        798  1  msc  
[2022/05/01 16:51:07 504] isr        1547 ASR_MSG_AUW,   cloud  
[2022/05/01 16:51:07 504] isr        1559 3200  2  
[2022/05/01 16:51:07 515] isr        700  cloud_status_cb, eps:  1  
[2022/05/01 16:51:07 515] isr        798  1  cloud  
[2022/05/01 16:51:07 515] isr        813  cloud eps ignored  
[2022/05/01 16:51:07 615] isr        1547 ASR_MSG_AUW,   cloud  
[2022/05/01 16:51:07 615] isr        1559 3200  2  
[2022/05/01 16:51:07 723] isr        1547 ASR_MSG_AUW,   cloud  
[2022/05/01 16:51:07 723] isr        1559 3200  2  
[2022/05/01 16:51:07 724] isr        1547 ASR_MSG_AUW,   cloud  
[2022/05/01 16:51:07 724] isr        1559 3200  2  
[2022/05/01 16:51:07 830] isr        1547 ASR_MSG_AUW,   cloud  
[2022/05/01 16:51:07 830] isr        1559 3200  2  
[2022/05/01 16:51:07 963] isr        1547 ASR_MSG_AUW,   cloud  
[2022/05/01 16:51:07 963] isr        1559 3200  2  
[2022/05/01 16:51:08 072] isr        1547 ASR_MSG_AUW,   cloud  
[2022/05/01 16:51:08 072] isr        1559 3200  2  
[2022/05/01 16:51:08 180] isr        1547 ASR_MSG_AUW,   cloud  
[2022/05/01 16:51:08 180] isr        1559 3200  2  
[2022/05/01 16:51:08 290] isr        1547 ASR_MSG_AUW,   cloud  
[2022/05/01 16:51:08 290] isr        1559 3200  2  
[2022/05/01 16:51:08 399] isr        1547 ASR_MSG_AUW,   cloud  
[2022/05/01 16:51:08 399] isr        1559 3200  2  
[2022/05/01 16:51:08 530] isr        1547 ASR_MSG_AUW,   cloud  
[2022/05/01 16:51:08 530] isr        1559 3200  2  
[2022/05/01 16:51:08 530] isr        1547 ASR_MSG_AUW,   cloud  
[2022/05/01 16:51:08 530] isr        1559 3200  2  
[2022/05/01 16:51:08 640] isr        1547 ASR_MSG_AUW,   cloud  
[2022/05/01 16:51:08 640] isr        1559 3200  2  
[2022/05/01 16:51:08 752] isr        1547 ASR_MSG_AUW,   cloud  
[2022/05/01 16:51:08 752] isr        1559 3200  2  
[2022/05/01 16:51:08 861] isr        1547 ASR_MSG_AUW,   cloud  
[2022/05/01 16:51:08 861] isr        1559 3200  2  
[2022/05/01 16:51:08 995] isr        1547 ASR_MSG_AUW,   cloud  
[2022/05/01 16:51:08 996] isr        1559 3200  2  
[2022/05/01 16:51:09 106] isr        1547 ASR_MSG_AUW,   cloud  
[2022/05/01 16:51:09 106] isr        1559 3200  2  
[2022/05/01 16:51:09 217] isr        1547 ASR_MSG_AUW,   cloud  
[2022/05/01 16:51:09 217] isr        1559 3200  2  
[2022/05/01 16:51:09 324] isr        1547 ASR_MSG_AUW,   cloud  
[2022/05/01 16:51:09 324] isr        1559 3200  2  
[2022/05/01 16:51:09 325] isr        1547 ASR_MSG_AUW,   cloud  
[2022/05/01 16:51:09 325] isr        1559 3200  2  
[2022/05/01 16:51:09 459] isr        1547 ASR_MSG_AUW,   cloud  
[2022/05/01 16:51:09 459] isr        1559 3200  2  
[2022/05/01 16:51:09 568] isr        1547 ASR_MSG_AUW,   cloud  
[2022/05/01 16:51:09 568] isr        1559 3200  2  
[2022/05/01 16:51:09 679] isr        1547 ASR_MSG_AUW,   cloud  
[2022/05/01 16:51:09 679] isr        1559 3200  2  
[2022/05/01 16:51:09 791] isr        1547 ASR_MSG_AUW,   cloud  
[2022/05/01 16:51:09 792] isr        1559 3200  2  
[2022/05/01 16:51:09 901] isr        1547 ASR_MSG_AUW,   cloud  
[2022/05/01 16:51:09 901] isr        1559 3200  2  
[2022/05/01 16:51:10 012] isr        1547 ASR_MSG_AUW,   cloud  
[2022/05/01 16:51:10 013] isr        1559 3200  2  
[2022/05/01 16:51:10 015] isr        1547 ASR_MSG_AUW,   cloud  
[2022/05/01 16:51:10 015] isr        1559 3200  2  
[2022/05/01 16:51:10 145] isr        1547 ASR_MSG_AUW,   cloud  
[2022/05/01 16:51:10 145] isr        1559 3200  2  
[2022/05/01 16:51:10 255] isr        1547 ASR_MSG_AUW,   cloud  
[2022/05/01 16:51:10 255] isr        1559 3200  2  
[2022/05/01 16:51:10 363] isr        1547 ASR_MSG_AUW,   cloud  
[2022/05/01 16:51:10 363] isr        1559 3200  2  
[2022/05/01 16:51:10 474] isr        1547 ASR_MSG_AUW,   cloud  
[2022/05/01 16:51:10 474] isr        1559 3200  2  
[2022/05/01 16:51:10 605] isr        1547 ASR_MSG_AUW,   cloud  
[2022/05/01 16:51:10 605] isr        1559 3200  2  
[2022/05/01 16:51:10 716] isr        1547 ASR_MSG_AUW,   cloud  
[2022/05/01 16:51:10 716] isr        1559 3200  2  
[2022/05/01 16:51:10 825] isr        1547 ASR_MSG_AUW,   cloud  
[2022/05/01 16:51:10 825] isr        1559 3200  2  
[2022/05/01 16:51:10 825] isr        1547 ASR_MSG_AUW,   cloud  
[2022/05/01 16:51:10 825] isr        1559 3200  2  
[2022/05/01 16:51:10 933] isr        1547 ASR_MSG_AUW,   cloud  
[2022/05/01 16:51:10 933] isr        1559 3200  2  
[2022/05/01 16:51:11 041] isr        1547 ASR_MSG_AUW,   cloud  
[2022/05/01 16:51:11 041] isr        1559 3200  2  
[2022/05/01 16:51:11 173] isr        1547 ASR_MSG_AUW,   cloud  
[2022/05/01 16:51:11 173] isr        1559 3200  2  
[2022/05/01 16:51:11 281] isr        1547 ASR_MSG_AUW,   cloud  
[2022/05/01 16:51:11 281] isr        1559 3200  2  
[2022/05/01 16:51:11 390] isr        1547 ASR_MSG_AUW,   cloud  
[2022/05/01 16:51:11 390] isr        1559 3200  2  
[2022/05/01 16:51:11 391] isr        854  [aud] speech end  
[2022/05/01 16:51:11 391] isr        798  3  msc  
[2022/05/01 16:51:11 391] isr        864  aud end, MSC VAD  
[2022/05/01 16:51:11 424] isr        700  cloud_status_cb, eps:  3  
[2022/05/01 16:51:11 425] isr        798  3  cloud  
[2022/05/01 16:51:11 426] isr        800  already speech end  
[2022/05/01 16:51:11 429] isr        662  cloud_rslt_cb status =   5  
[2022/05/01 16:51:11 429] isr        641  process_result call:  cloud  nil  5  nil  
[2022/05/01 16:51:11 430] isr        798  3  msc  
[2022/05/01 16:51:11 430] isr        800  already speech end  
[2022/05/01 16:51:11 501] isr        1547 ASR_MSG_AUW,   cloud  
[2022/05/01 16:51:11 501] isr        1559 3200  2  
[2022/05/01 16:51:11 506] isr        1636 ASR_MSG_GRSLT,   cloud  
[2022/05/01 16:51:11 507] isr        1335 0  nil  5  
[2022/05/01 16:51:11 608] isr        1639 ASR_MSG_SSE,   cloud  
[2022/05/01 16:51:11 608] isr        1356 session_end() [in]  
[2022/05/01 16:51:11 608] isr        1421 cloud_session_end() [in]  
[2022/05/01 16:51:11 611] isr        1488 ns_host=  open.xf-yun.com  
[2022/05/01 16:51:11 611] isr        1498 tick()mod=  21758209  
[2022/05/01 16:51:11 611] isr        1499 tick()=  21758209  
[2022/05/01 16:51:11 611] isr        1501 diff=  4351  
[2022/05/01 16:51:11 620] isr        1514 cloud_session_end() [out]  
[2022/05/01 16:51:11 620] isr        1667 isr unload!  
============================================================
Time  2022/05/01 16:51:18 606 
============================================================
[2022/05/01 16:51:18 606] isr        1659 isr loaded!  
[2022/05/01 16:51:18 606] isr        1642 SYS_MSG_REGCB param0 =   msp_status_cb  param1 =   func(8c02fbd0) 
[2022/05/01 16:51:18 606] isr        1537 ASR_MSG_SSB  
[2022/05/01 16:51:18 606] isr        1066 session_begin() [in], params:   sub = iat, domain = iat, language = zh_cn, accent = mandarin, sample_rate = 16000, result_type = plain, result_encoding = utf8  nil  
[2022/05/01 16:51:18 606] isr        927  vad_set [in]  
[2022/05/01 16:51:18 606] isr        962  vad_enable :  true  
[2022/05/01 16:51:18 606] isr        980  vad_bos :  10000  
[2022/05/01 16:51:18 606] isr        981  vad_eos :  2000  
[2022/05/01 16:51:18 606] isr        886  enable_vad [in]  
[2022/05/01 16:51:18 607] isr        918  vad enabled!  2000  10000  
[2022/05/01 16:51:18 607] isr        921  enable_vad [out]  
[2022/05/01 16:51:18 607] isr        987  vad_set [out] | ret =  0  
[2022/05/01 16:51:18 607] isr        1187 cur_engine_type =   cloud  
[2022/05/01 16:51:18 607] isr        1001 cloud_session_begin  
[2022/05/01 16:51:18 607] isr        1013 unknown  
[2022/05/01 16:51:18 708] isr        1547 ASR_MSG_AUW,   cloud  
[2022/05/01 16:51:18 708] isr        1559 3200  1  
[2022/05/01 16:51:18 708] isr        1569 once_bytes:   3200  
[2022/05/01 16:51:18 712] isr        851  [aud] speech start  
[2022/05/01 16:51:18 712] isr        798  1  msc  
[2022/05/01 16:51:18 801] isr        1547 ASR_MSG_AUW,   cloud  
[2022/05/01 16:51:18 801] isr        1559 3200  2  
[2022/05/01 16:51:18 819] isr        700  cloud_status_cb, eps:  1  
[2022/05/01 16:51:18 819] isr        798  1  cloud  
[2022/05/01 16:51:18 819] isr        813  cloud eps ignored  
[2022/05/01 16:51:18 934] isr        1547 ASR_MSG_AUW,   cloud  
[2022/05/01 16:51:18 934] isr        1559 3200  2  
[2022/05/01 16:51:19 042] isr        1547 ASR_MSG_AUW,   cloud  
[2022/05/01 16:51:19 042] isr        1559 3200  2  
[2022/05/01 16:51:19 151] isr        1547 ASR_MSG_AUW,   cloud  
[2022/05/01 16:51:19 151] isr        1559 3200  2  
[2022/05/01 16:51:19 264] isr        1547 ASR_MSG_AUW,   cloud  
[2022/05/01 16:51:19 264] isr        1559 3200  2  
[2022/05/01 16:51:19 397] isr        1547 ASR_MSG_AUW,   cloud  
[2022/05/01 16:51:19 397] isr        1559 3200  2  
[2022/05/01 16:51:19 397] isr        1547 ASR_MSG_AUW,   cloud  
[2022/05/01 16:51:19 398] isr        1559 3200  2  
[2022/05/01 16:51:19 507] isr        1547 ASR_MSG_AUW,   cloud  
[2022/05/01 16:51:19 508] isr        1559 3200  2  
[2022/05/01 16:51:19 619] isr        1547 ASR_MSG_AUW,   cloud  
[2022/05/01 16:51:19 619] isr        1559 3200  2  
[2022/05/01 16:51:19 728] isr        1547 ASR_MSG_AUW,   cloud  
[2022/05/01 16:51:19 728] isr        1559 3200  2  
[2022/05/01 16:51:19 862] isr        1547 ASR_MSG_AUW,   cloud  
[2022/05/01 16:51:19 862] isr        1559 3200  2  
[2022/05/01 16:51:19 972] isr        1547 ASR_MSG_AUW,   cloud  
[2022/05/01 16:51:19 972] isr        1559 3200  2  
[2022/05/01 16:51:20 081] isr        1547 ASR_MSG_AUW,   cloud  
[2022/05/01 16:51:20 081] isr        1559 3200  2  
[2022/05/01 16:51:20 192] isr        1547 ASR_MSG_AUW,   cloud  
[2022/05/01 16:51:20 192] isr        1559 3200  2  
[2022/05/01 16:51:20 192] isr        1547 ASR_MSG_AUW,   cloud  
[2022/05/01 16:51:20 193] isr        1559 3200  2  
[2022/05/01 16:51:20 301] isr        1547 ASR_MSG_AUW,   cloud  
[2022/05/01 16:51:20 301] isr        1559 3200  2  
[2022/05/01 16:51:20 410] isr        1547 ASR_MSG_AUW,   cloud  
[2022/05/01 16:51:20 410] isr        1559 3200  2  
[2022/05/01 16:51:20 545] isr        1547 ASR_MSG_AUW,   cloud  
[2022/05/01 16:51:20 545] isr        1559 3200  2  
[2022/05/01 16:51:20 656] isr        1547 ASR_MSG_AUW,   cloud  
[2022/05/01 16:51:20 656] isr        1559 3200  2  
[2022/05/01 16:51:20 767] isr        1547 ASR_MSG_AUW,   cloud  
[2022/05/01 16:51:20 767] isr        1559 3200  2  
[2022/05/01 16:51:20 878] isr        1547 ASR_MSG_AUW,   cloud  
[2022/05/01 16:51:20 878] isr        1559 3200  2  
[2022/05/01 16:51:21 011] isr        1547 ASR_MSG_AUW,   cloud  
[2022/05/01 16:51:21 011] isr        1559 3200  2  
[2022/05/01 16:51:21 011] isr        1547 ASR_MSG_AUW,   cloud  
[2022/05/01 16:51:21 012] isr        1559 3200  2  
[2022/05/01 16:51:21 120] isr        1547 ASR_MSG_AUW,   cloud  
[2022/05/01 16:51:21 120] isr        1559 3200  2  
[2022/05/01 16:51:21 230] isr        1547 ASR_MSG_AUW,   cloud  
[2022/05/01 16:51:21 231] isr        1559 3200  2  
[2022/05/01 16:51:21 339] isr        1547 ASR_MSG_AUW,   cloud  
[2022/05/01 16:51:21 339] isr        1559 3200  2  
[2022/05/01 16:51:21 473] isr        1547 ASR_MSG_AUW,   cloud  
[2022/05/01 16:51:21 473] isr        1559 3200  2  
[2022/05/01 16:51:21 559] isr        1547 ASR_MSG_AUW,   cloud  
[2022/05/01 16:51:21 559] isr        1559 3200  2  
[2022/05/01 16:51:21 670] isr        1547 ASR_MSG_AUW,   cloud  
[2022/05/01 16:51:21 670] isr        1559 3200  2  
[2022/05/01 16:51:21 804] isr        1547 ASR_MSG_AUW,   cloud  
[2022/05/01 16:51:21 804] isr        1559 3200  2  
[2022/05/01 16:51:21 804] isr        1547 ASR_MSG_AUW,   cloud  
[2022/05/01 16:51:21 804] isr        1559 3200  2  
[2022/05/01 16:51:21 914] isr        1547 ASR_MSG_AUW,   cloud  
[2022/05/01 16:51:21 915] isr        1559 3200  2  
[2022/05/01 16:51:22 025] isr        1547 ASR_MSG_AUW,   cloud  
[2022/05/01 16:51:22 025] isr        1559 3200  2  
[2022/05/01 16:51:22 133] isr        1547 ASR_MSG_AUW,   cloud  
[2022/05/01 16:51:22 133] isr        1559 3200  2  
[2022/05/01 16:51:22 153] isr        662  cloud_rslt_cb status =   0  
[2022/05/01 16:51:22 153] isr        641  process_result call:  cloud  udata(8c034828) 0  nil  
[2022/05/01 16:51:22 268] isr        1547 ASR_MSG_AUW,   cloud  
[2022/05/01 16:51:22 268] isr        1559 3200  2  
[2022/05/01 16:51:22 377] isr        1547 ASR_MSG_AUW,   cloud  
[2022/05/01 16:51:22 377] isr        1559 3200  2  
[2022/05/01 16:51:22 377] isr        1636 ASR_MSG_GRSLT,   cloud  
[2022/05/01 16:51:22 377] isr        1335 0  udata(8c034828) 0  
[2022/05/01 16:51:22 486] isr        1547 ASR_MSG_AUW,   cloud  
[2022/05/01 16:51:22 486] isr        1559 3200  2  
[2022/05/01 16:51:22 490] isr        1636 ASR_MSG_GRSLT,   cloud  
[2022/05/01 16:51:22 490] isr        1335 0  nil  2  
[2022/05/01 16:51:22 491] isr        1547 ASR_MSG_AUW,   cloud  
[2022/05/01 16:51:22 491] isr        1559 3200  2  
[2022/05/01 16:51:22 593] isr        1547 ASR_MSG_AUW,   cloud  
[2022/05/01 16:51:22 593] isr        1559 3200  2  
[2022/05/01 16:51:22 724] isr        1547 ASR_MSG_AUW,   cloud  
[2022/05/01 16:51:22 725] isr        1559 3200  2  
[2022/05/01 16:51:22 834] isr        1547 ASR_MSG_AUW,   cloud  
[2022/05/01 16:51:22 834] isr        1559 3200  2  
[2022/05/01 16:51:22 945] isr        1547 ASR_MSG_AUW,   cloud  
[2022/05/01 16:51:22 945] isr        1559 3200  2  
[2022/05/01 16:51:23 055] isr        1547 ASR_MSG_AUW,   cloud  
[2022/05/01 16:51:23 055] isr        1559 3200  2  
[2022/05/01 16:51:23 056] isr        854  [aud] speech end  
[2022/05/01 16:51:23 057] isr        798  3  msc  
[2022/05/01 16:51:23 057] isr        864  aud end, MSC VAD  
[2022/05/01 16:51:23 090] isr        700  cloud_status_cb, eps:  3  
[2022/05/01 16:51:23 090] isr        798  3  cloud  
[2022/05/01 16:51:23 090] isr        800  already speech end  
[2022/05/01 16:51:23 092] isr        662  cloud_rslt_cb status =   5  
[2022/05/01 16:51:23 092] isr        641  process_result call:  cloud  udata(8c035368) 5  nil  
[2022/05/01 16:51:23 092] isr        798  3  msc  
[2022/05/01 16:51:23 092] isr        800  already speech end  
[2022/05/01 16:51:23 189] isr        1547 ASR_MSG_AUW,   cloud  
[2022/05/01 16:51:23 189] isr        1559 3200  2  
[2022/05/01 16:51:23 190] isr        1636 ASR_MSG_GRSLT,   cloud  
[2022/05/01 16:51:23 190] isr        1335 0  udata(8c035368) 5  
[2022/05/01 16:51:23 292] isr        1639 ASR_MSG_SSE,   cloud  
[2022/05/01 16:51:23 292] isr        1356 session_end() [in]  
[2022/05/01 16:51:23 292] isr        1421 cloud_session_end() [in]  
[2022/05/01 16:51:23 293] isr        1488 ns_host=  open.xf-yun.com  
[2022/05/01 16:51:23 293] isr        1498 tick()mod=  21769891  
[2022/05/01 16:51:23 293] isr        1499 tick()=  21769891  
[2022/05/01 16:51:23 293] isr        1501 diff=  4622  
[2022/05/01 16:51:23 293] isr        1514 cloud_session_end() [out]  
[2022/05/01 16:51:23 294] isr        1667 isr unload!  
============================================================
Time  2022/05/01 16:51:34 843 
============================================================
[2022/05/01 16:51:34 843] isr        1659 isr loaded!  
[2022/05/01 16:51:34 843] isr        1642 SYS_MSG_REGCB param0 =   msp_status_cb  param1 =   func(f8131d50) 
[2022/05/01 16:51:34 843] isr        1537 ASR_MSG_SSB  
[2022/05/01 16:51:34 843] isr        1066 session_begin() [in], params:   engine_type = local, 		asr_res_path = fo|res/asr/common.jet, sample_rate = 16000, 		grm_build_path = res/asr/GrmBuilld, local_grammar = call, 		result_type = xml, result_encoding = UTF-8,   nil  
[2022/05/01 16:51:34 843] isr        927  vad_set [in]  
[2022/05/01 16:51:34 843] isr        962  vad_enable :  true  
[2022/05/01 16:51:34 843] isr        980  vad_bos :  10000  
[2022/05/01 16:51:34 843] isr        981  vad_eos :  2000  
[2022/05/01 16:51:34 843] isr        886  enable_vad [in]  
[2022/05/01 16:51:34 843] isr        918  vad enabled!  2000  10000  
[2022/05/01 16:51:34 843] isr        921  enable_vad [out]  
[2022/05/01 16:51:34 843] isr        987  vad_set [out] | ret =  0  
[2022/05/01 16:51:34 843] isr        1182 cur_engine_type =   local  
[2022/05/01 16:51:34 843] isr        992  local_session_begin  
[2022/05/01 16:51:35 099] isr        1547 ASR_MSG_AUW,   local  
[2022/05/01 16:51:35 099] isr        1559 3200  1  
[2022/05/01 16:51:35 099] isr        1569 once_bytes:   3200  
[2022/05/01 16:51:35 099] isr        851  [aud] speech start  
[2022/05/01 16:51:35 099] isr        798  1  msc  
[2022/05/01 16:51:35 209] isr        1547 ASR_MSG_AUW,   local  
[2022/05/01 16:51:35 209] isr        1559 3200  2  
[2022/05/01 16:51:35 321] isr        1547 ASR_MSG_AUW,   local  
[2022/05/01 16:51:35 321] isr        1559 3200  2  
[2022/05/01 16:51:35 321] isr        1547 ASR_MSG_AUW,   local  
[2022/05/01 16:51:35 321] isr        1559 3200  2  
[2022/05/01 16:51:35 432] isr        1547 ASR_MSG_AUW,   local  
[2022/05/01 16:51:35 432] isr        1559 3200  2  
[2022/05/01 16:51:35 542] isr        1547 ASR_MSG_AUW,   local  
[2022/05/01 16:51:35 542] isr        1559 3200  2  
[2022/05/01 16:51:35 676] isr        1547 ASR_MSG_AUW,   local  
[2022/05/01 16:51:35 676] isr        1559 3200  2  
[2022/05/01 16:51:35 787] isr        1547 ASR_MSG_AUW,   local  
[2022/05/01 16:51:35 787] isr        1559 3200  2  
[2022/05/01 16:51:35 897] isr        1547 ASR_MSG_AUW,   local  
[2022/05/01 16:51:35 897] isr        1559 3200  2  
[2022/05/01 16:51:36 008] isr        1547 ASR_MSG_AUW,   local  
[2022/05/01 16:51:36 008] isr        1559 3200  2  
[2022/05/01 16:51:36 008] isr        1547 ASR_MSG_AUW,   local  
[2022/05/01 16:51:36 009] isr        1559 3200  2  
[2022/05/01 16:51:36 142] isr        1547 ASR_MSG_AUW,   local  
[2022/05/01 16:51:36 142] isr        1559 3200  2  
[2022/05/01 16:51:36 253] isr        1547 ASR_MSG_AUW,   local  
[2022/05/01 16:51:36 253] isr        1559 3200  2  
[2022/05/01 16:51:36 364] isr        1547 ASR_MSG_AUW,   local  
[2022/05/01 16:51:36 364] isr        1559 3200  2  
[2022/05/01 16:51:36 474] isr        1547 ASR_MSG_AUW,   local  
[2022/05/01 16:51:36 474] isr        1559 3200  2  
[2022/05/01 16:51:36 584] isr        1547 ASR_MSG_AUW,   local  
[2022/05/01 16:51:36 584] isr        1559 3200  2  
[2022/05/01 16:51:36 695] isr        1547 ASR_MSG_AUW,   local  
[2022/05/01 16:51:36 695] isr        1559 3200  2  
[2022/05/01 16:51:36 829] isr        1547 ASR_MSG_AUW,   local  
[2022/05/01 16:51:36 829] isr        1559 3200  2  
[2022/05/01 16:51:36 829] isr        1547 ASR_MSG_AUW,   local  
[2022/05/01 16:51:36 829] isr        1559 3200  2  
[2022/05/01 16:51:36 939] isr        1547 ASR_MSG_AUW,   local  
[2022/05/01 16:51:36 939] isr        1559 3200  2  
[2022/05/01 16:51:37 050] isr        1547 ASR_MSG_AUW,   local  
[2022/05/01 16:51:37 050] isr        1559 3200  2  
[2022/05/01 16:51:37 161] isr        1547 ASR_MSG_AUW,   local  
[2022/05/01 16:51:37 161] isr        1559 3200  2  
[2022/05/01 16:51:37 272] isr        1547 ASR_MSG_AUW,   local  
[2022/05/01 16:51:37 272] isr        1559 3200  2  
[2022/05/01 16:51:37 382] isr        1547 ASR_MSG_AUW,   local  
[2022/05/01 16:51:37 382] isr        1559 3200  2  
[2022/05/01 16:51:37 515] isr        1547 ASR_MSG_AUW,   local  
[2022/05/01 16:51:37 515] isr        1559 3200  2  
[2022/05/01 16:51:37 626] isr        1547 ASR_MSG_AUW,   local  
[2022/05/01 16:51:37 626] isr        1559 3200  2  
[2022/05/01 16:51:37 626] isr        1547 ASR_MSG_AUW,   local  
[2022/05/01 16:51:37 626] isr        1559 3200  2  
[2022/05/01 16:51:37 737] isr        1547 ASR_MSG_AUW,   local  
[2022/05/01 16:51:37 737] isr        1559 3200  2  
[2022/05/01 16:51:37 847] isr        1547 ASR_MSG_AUW,   local  
[2022/05/01 16:51:37 847] isr        1559 3200  2  
[2022/05/01 16:51:37 958] isr        1547 ASR_MSG_AUW,   local  
[2022/05/01 16:51:37 958] isr        1559 3200  2  
[2022/05/01 16:51:38 092] isr        1547 ASR_MSG_AUW,   local  
[2022/05/01 16:51:38 092] isr        1559 3200  2  
[2022/05/01 16:51:38 202] isr        1547 ASR_MSG_AUW,   local  
[2022/05/01 16:51:38 202] isr        1559 3200  2  
[2022/05/01 16:51:38 203] isr        723  local_cbmsg_handler  ,msg=  406  param1=  nil  
[2022/05/01 16:51:38 205] isr        723  local_cbmsg_handler  ,msg=  nil  param1=  nil  
[2022/05/01 16:51:38 205] isr        723  local_cbmsg_handler  ,msg=  408  param1=  nil  
[2022/05/01 16:51:38 205] isr        734  local session recognized end!  
[2022/05/01 16:51:38 205] isr        641  process_result call:  local  nil  0  2  
[2022/05/01 16:51:38 205] isr        798  3  msc  
[2022/05/01 16:51:38 310] isr        1547 ASR_MSG_AUW,   local  
[2022/05/01 16:51:38 310] isr        1559 3200  2  
[2022/05/01 16:51:38 311] isr        1636 ASR_MSG_GRSLT,   local  
[2022/05/01 16:51:38 311] isr        1307 0  nil  5  
[2022/05/01 16:51:38 412] isr        1639 ASR_MSG_SSE,   local  
[2022/05/01 16:51:38 412] isr        1356 session_end() [in]  
[2022/05/01 16:51:38 412] isr        1377 local_session_end() [in]  
[2022/05/01 16:51:38 412] isr        1416 ASR_LOCAL_MSG_SSE net_type  nil  
[2022/05/01 16:51:38 414] isr        1667 isr unload!  
