Determining if the pthread_create exist failed with the following output:
Change Dir: /home/jetson/lzl_Transbot/catkin_ws/build/CMakeFiles/CMakeTmp

Run Build Command:"/usr/bin/make" "cmTC_73b40/fast"
/usr/bin/make -f CMakeFiles/cmTC_73b40.dir/build.make CMakeFiles/cmTC_73b40.dir/build
make[1]: Entering directory '/home/jetson/lzl_Transbot/catkin_ws/build/CMakeFiles/CMakeTmp'
Building C object CMakeFiles/cmTC_73b40.dir/CheckSymbolExists.c.o
/usr/bin/cc    -o CMakeFiles/cmTC_73b40.dir/CheckSymbolExists.c.o   -c /home/jetson/lzl_Transbot/catkin_ws/build/CMakeFiles/CMakeTmp/CheckSymbolExists.c
Linking C executable cmTC_73b40
/usr/bin/cmake -E cmake_link_script CMakeFiles/cmTC_73b40.dir/link.txt --verbose=1
/usr/bin/cc      -rdynamic CMakeFiles/cmTC_73b40.dir/CheckSymbolExists.c.o  -o cmTC_73b40 
CMakeFiles/cmTC_73b40.dir/CheckSymbolExists.c.o: In function `main':
CheckSymbolExists.c:(.text+0x14): undefined reference to `pthread_create'
CheckSymbolExists.c:(.text+0x18): undefined reference to `pthread_create'
collect2: error: ld returned 1 exit status
CMakeFiles/cmTC_73b40.dir/build.make:97: recipe for target 'cmTC_73b40' failed
make[1]: *** [cmTC_73b40] Error 1
make[1]: Leaving directory '/home/jetson/lzl_Transbot/catkin_ws/build/CMakeFiles/CMakeTmp'
Makefile:126: recipe for target 'cmTC_73b40/fast' failed
make: *** [cmTC_73b40/fast] Error 2

File /home/jetson/lzl_Transbot/catkin_ws/build/CMakeFiles/CMakeTmp/CheckSymbolExists.c:
/* */
#include <pthread.h>

int main(int argc, char** argv)
{
  (void)argv;
#ifndef pthread_create
  return ((int*)(&pthread_create))[argc];
#else
  (void)argc;
  return 0;
#endif
}

Determining if the function pthread_create exists in the pthreads failed with the following output:
Change Dir: /home/jetson/lzl_Transbot/catkin_ws/build/CMakeFiles/CMakeTmp

Run Build Command:"/usr/bin/make" "cmTC_24055/fast"
/usr/bin/make -f CMakeFiles/cmTC_24055.dir/build.make CMakeFiles/cmTC_24055.dir/build
make[1]: Entering directory '/home/jetson/lzl_Transbot/catkin_ws/build/CMakeFiles/CMakeTmp'
Building C object CMakeFiles/cmTC_24055.dir/CheckFunctionExists.c.o
/usr/bin/cc   -DCHECK_FUNCTION_EXISTS=pthread_create   -o CMakeFiles/cmTC_24055.dir/CheckFunctionExists.c.o   -c /usr/share/cmake-3.10/Modules/CheckFunctionExists.c
Linking C executable cmTC_24055
/usr/bin/cmake -E cmake_link_script CMakeFiles/cmTC_24055.dir/link.txt --verbose=1
/usr/bin/cc  -DCHECK_FUNCTION_EXISTS=pthread_create    -rdynamic CMakeFiles/cmTC_24055.dir/CheckFunctionExists.c.o  -o cmTC_24055 -lpthreads 
/usr/bin/ld: cannot find -lpthreads
collect2: error: ld returned 1 exit status
CMakeFiles/cmTC_24055.dir/build.make:97: recipe for target 'cmTC_24055' failed
make[1]: *** [cmTC_24055] Error 1
make[1]: Leaving directory '/home/jetson/lzl_Transbot/catkin_ws/build/CMakeFiles/CMakeTmp'
Makefile:126: recipe for target 'cmTC_24055/fast' failed
make: *** [cmTC_24055/fast] Error 2


